{"C:\\Users\\Nat-ryo\\Desktop\\T-DEV-702-Api\\backend\\config\\database.js": {"path":"C:\\Users\\Nat-ryo\\Desktop\\T-DEV-702-Api\\backend\\config\\database.js","statementMap":{"0":{"start":{"line":1,"column":22},"end":{"line":1,"column":42}},"1":{"start":{"line":2,"column":0},"end":{"line":2,"column":27}},"2":{"start":{"line":3,"column":14},"end":{"line":3,"column":39}},"3":{"start":{"line":5,"column":15},"end":{"line":5,"column":54}},"4":{"start":{"line":6,"column":15},"end":{"line":6,"column":44}},"5":{"start":{"line":7,"column":19},"end":{"line":7,"column":52}},"6":{"start":{"line":8,"column":15},"end":{"line":8,"column":49}},"7":{"start":{"line":10,"column":18},"end":{"line":20,"column":2}},"8":{"start":{"line":23,"column":22},"end":{"line":28,"column":1}},"9":{"start":{"line":31,"column":23},"end":{"line":37,"column":1}},"10":{"start":{"line":40,"column":18},"end":{"line":40,"column":49}},"11":{"start":{"line":41,"column":19},"end":{"line":41,"column":51}},"12":{"start":{"line":44,"column":27},"end":{"line":57,"column":1}},"13":{"start":{"line":45,"column":2},"end":{"line":56,"column":3}},"14":{"start":{"line":47,"column":4},"end":{"line":47,"column":35}},"15":{"start":{"line":48,"column":4},"end":{"line":48,"column":73}},"16":{"start":{"line":51,"column":4},"end":{"line":51,"column":42}},"17":{"start":{"line":52,"column":4},"end":{"line":52,"column":63}},"18":{"start":{"line":54,"column":4},"end":{"line":54,"column":79}},"19":{"start":{"line":55,"column":4},"end":{"line":55,"column":16}},"20":{"start":{"line":60,"column":24},"end":{"line":71,"column":1}},"21":{"start":{"line":61,"column":2},"end":{"line":70,"column":3}},"22":{"start":{"line":62,"column":4},"end":{"line":62,"column":36}},"23":{"start":{"line":63,"column":4},"end":{"line":63,"column":60}},"24":{"start":{"line":65,"column":4},"end":{"line":65,"column":37}},"25":{"start":{"line":66,"column":4},"end":{"line":66,"column":70}},"26":{"start":{"line":68,"column":4},"end":{"line":68,"column":55}},"27":{"start":{"line":69,"column":4},"end":{"line":69,"column":16}},"28":{"start":{"line":73,"column":0},"end":{"line":80,"column":2}}},"fnMap":{"0":{"name":"(anonymous_0)","decl":{"start":{"line":44,"column":27},"end":{"line":44,"column":28}},"loc":{"start":{"line":44,"column":39},"end":{"line":57,"column":1}},"line":44},"1":{"name":"(anonymous_1)","decl":{"start":{"line":60,"column":24},"end":{"line":60,"column":25}},"loc":{"start":{"line":60,"column":36},"end":{"line":71,"column":1}},"line":60}},"branchMap":{"0":{"loc":{"start":{"line":5,"column":15},"end":{"line":5,"column":54}},"type":"binary-expr","locations":[{"start":{"line":5,"column":15},"end":{"line":5,"column":34}},{"start":{"line":5,"column":38},"end":{"line":5,"column":54}}],"line":5},"1":{"loc":{"start":{"line":6,"column":15},"end":{"line":6,"column":44}},"type":"binary-expr","locations":[{"start":{"line":6,"column":15},"end":{"line":6,"column":34}},{"start":{"line":6,"column":38},"end":{"line":6,"column":44}}],"line":6},"2":{"loc":{"start":{"line":7,"column":19},"end":{"line":7,"column":52}},"type":"binary-expr","locations":[{"start":{"line":7,"column":19},"end":{"line":7,"column":42}},{"start":{"line":7,"column":46},"end":{"line":7,"column":52}}],"line":7},"3":{"loc":{"start":{"line":8,"column":15},"end":{"line":8,"column":49}},"type":"binary-expr","locations":[{"start":{"line":8,"column":15},"end":{"line":8,"column":34}},{"start":{"line":8,"column":38},"end":{"line":8,"column":49}}],"line":8},"4":{"loc":{"start":{"line":24,"column":8},"end":{"line":24,"column":42}},"type":"binary-expr","locations":[{"start":{"line":24,"column":8},"end":{"line":24,"column":27}},{"start":{"line":24,"column":31},"end":{"line":24,"column":42}}],"line":24},"5":{"loc":{"start":{"line":25,"column":8},"end":{"line":25,"column":37}},"type":"binary-expr","locations":[{"start":{"line":25,"column":8},"end":{"line":25,"column":27}},{"start":{"line":25,"column":31},"end":{"line":25,"column":37}}],"line":25},"6":{"loc":{"start":{"line":26,"column":12},"end":{"line":26,"column":41}},"type":"binary-expr","locations":[{"start":{"line":26,"column":12},"end":{"line":26,"column":35}},{"start":{"line":26,"column":39},"end":{"line":26,"column":41}}],"line":26},"7":{"loc":{"start":{"line":27,"column":12},"end":{"line":27,"column":46}},"type":"binary-expr","locations":[{"start":{"line":27,"column":12},"end":{"line":27,"column":31}},{"start":{"line":27,"column":35},"end":{"line":27,"column":46}}],"line":27}},"s":{"0":2,"1":2,"2":2,"3":2,"4":2,"5":2,"6":2,"7":2,"8":2,"9":2,"10":2,"11":2,"12":2,"13":0,"14":0,"15":0,"16":0,"17":0,"18":0,"19":0,"20":2,"21":0,"22":0,"23":0,"24":0,"25":0,"26":0,"27":0,"28":2},"f":{"0":0,"1":0},"b":{"0":[2,0],"1":[2,0],"2":[2,0],"3":[2,0],"4":[2,0],"5":[2,0],"6":[2,0],"7":[2,0]},"_coverageSchema":"1a1c01bbd47fc00a2c39e90264f33305004495a9","hash":"71be4390d654c646d4b1cb06bf88d2e775e72532"}
,"C:\\Users\\Nat-ryo\\Desktop\\T-DEV-702-Api\\backend\\models\\Product.js": {"path":"C:\\Users\\Nat-ryo\\Desktop\\T-DEV-702-Api\\backend\\models\\Product.js","statementMap":{"0":{"start":{"line":1,"column":22},"end":{"line":1,"column":42}},"1":{"start":{"line":2,"column":11},"end":{"line":2,"column":40}},"2":{"start":{"line":3,"column":23},"end":{"line":3,"column":52}},"3":{"start":{"line":5,"column":16},"end":{"line":64,"column":2}},"4":{"start":{"line":40,"column":26},"end":{"line":40,"column":52}},"5":{"start":{"line":41,"column":12},"end":{"line":41,"column":54}},"6":{"start":{"line":49,"column":26},"end":{"line":49,"column":52}},"7":{"start":{"line":50,"column":12},"end":{"line":50,"column":54}},"8":{"start":{"line":60,"column":12},"end":{"line":60,"column":69}},"9":{"start":{"line":60,"column":31},"end":{"line":60,"column":69}},"10":{"start":{"line":61,"column":12},"end":{"line":61,"column":69}},"11":{"start":{"line":61,"column":31},"end":{"line":61,"column":69}},"12":{"start":{"line":68,"column":4},"end":{"line":74,"column":5}},"13":{"start":{"line":69,"column":21},"end":{"line":69,"column":71}},"14":{"start":{"line":70,"column":6},"end":{"line":70,"column":18}},"15":{"start":{"line":72,"column":6},"end":{"line":72,"column":55}},"16":{"start":{"line":73,"column":6},"end":{"line":73,"column":18}},"17":{"start":{"line":78,"column":4},"end":{"line":84,"column":5}},"18":{"start":{"line":79,"column":21},"end":{"line":79,"column":90}},"19":{"start":{"line":80,"column":6},"end":{"line":80,"column":21}},"20":{"start":{"line":82,"column":6},"end":{"line":82,"column":54}},"21":{"start":{"line":83,"column":6},"end":{"line":83,"column":18}},"22":{"start":{"line":88,"column":4},"end":{"line":98,"column":5}},"23":{"start":{"line":89,"column":26},"end":{"line":89,"column":38}},"24":{"start":{"line":90,"column":21},"end":{"line":93,"column":7}},"25":{"start":{"line":94,"column":6},"end":{"line":94,"column":18}},"26":{"start":{"line":96,"column":6},"end":{"line":96,"column":56}},"27":{"start":{"line":97,"column":6},"end":{"line":97,"column":18}},"28":{"start":{"line":102,"column":0},"end":{"line":102,"column":43}}},"fnMap":{"0":{"name":"(anonymous_0)","decl":{"start":{"line":39,"column":8},"end":{"line":39,"column":9}},"loc":{"start":{"line":39,"column":14},"end":{"line":42,"column":9}},"line":39},"1":{"name":"(anonymous_1)","decl":{"start":{"line":48,"column":8},"end":{"line":48,"column":9}},"loc":{"start":{"line":48,"column":14},"end":{"line":51,"column":9}},"line":48},"2":{"name":"(anonymous_2)","decl":{"start":{"line":58,"column":20},"end":{"line":58,"column":21}},"loc":{"start":{"line":58,"column":33},"end":{"line":62,"column":9}},"line":58},"3":{"name":"(anonymous_3)","decl":{"start":{"line":67,"column":2},"end":{"line":67,"column":3}},"loc":{"start":{"line":67,"column":32},"end":{"line":75,"column":3}},"line":67},"4":{"name":"(anonymous_4)","decl":{"start":{"line":77,"column":2},"end":{"line":77,"column":3}},"loc":{"start":{"line":77,"column":34},"end":{"line":85,"column":3}},"line":77},"5":{"name":"(anonymous_5)","decl":{"start":{"line":87,"column":2},"end":{"line":87,"column":3}},"loc":{"start":{"line":87,"column":37},"end":{"line":99,"column":3}},"line":87}},"branchMap":{"0":{"loc":{"start":{"line":41,"column":19},"end":{"line":41,"column":53}},"type":"cond-expr","locations":[{"start":{"line":41,"column":36},"end":{"line":41,"column":37}},{"start":{"line":41,"column":40},"end":{"line":41,"column":53}}],"line":41},"1":{"loc":{"start":{"line":50,"column":19},"end":{"line":50,"column":53}},"type":"cond-expr","locations":[{"start":{"line":50,"column":36},"end":{"line":50,"column":37}},{"start":{"line":50,"column":40},"end":{"line":50,"column":53}}],"line":50},"2":{"loc":{"start":{"line":60,"column":12},"end":{"line":60,"column":69}},"type":"if","locations":[{"start":{"line":60,"column":12},"end":{"line":60,"column":69}},{"start":{},"end":{}}],"line":60},"3":{"loc":{"start":{"line":61,"column":12},"end":{"line":61,"column":69}},"type":"if","locations":[{"start":{"line":61,"column":12},"end":{"line":61,"column":69}},{"start":{},"end":{}}],"line":61}},"s":{"0":1,"1":1,"2":1,"3":1,"4":0,"5":0,"6":0,"7":0,"8":0,"9":0,"10":0,"11":0,"12":0,"13":0,"14":0,"15":0,"16":0,"17":0,"18":0,"19":0,"20":0,"21":0,"22":0,"23":0,"24":0,"25":0,"26":0,"27":0,"28":1},"f":{"0":0,"1":0,"2":0,"3":0,"4":0,"5":0},"b":{"0":[0,0],"1":[0,0],"2":[0,0],"3":[0,0]},"_coverageSchema":"1a1c01bbd47fc00a2c39e90264f33305004495a9","hash":"7ce802f4354e51e802f9a0191af73a22a6b25c5e"}
,"C:\\Users\\Nat-ryo\\Desktop\\T-DEV-702-Api\\backend\\models\\User.js": {"path":"C:\\Users\\Nat-ryo\\Desktop\\T-DEV-702-Api\\backend\\models\\User.js","statementMap":{"0":{"start":{"line":1,"column":22},"end":{"line":1,"column":42}},"1":{"start":{"line":2,"column":15},"end":{"line":2,"column":34}},"2":{"start":{"line":3,"column":12},"end":{"line":3,"column":35}},"3":{"start":{"line":4,"column":22},"end":{"line":4,"column":51}},"4":{"start":{"line":6,"column":13},"end":{"line":53,"column":2}},"5":{"start":{"line":43,"column":6},"end":{"line":45,"column":7}},"6":{"start":{"line":44,"column":8},"end":{"line":44,"column":61}},"7":{"start":{"line":48,"column":6},"end":{"line":50,"column":7}},"8":{"start":{"line":49,"column":8},"end":{"line":49,"column":61}},"9":{"start":{"line":56,"column":0},"end":{"line":62,"column":2}},"10":{"start":{"line":57,"column":2},"end":{"line":61,"column":4}},"11":{"start":{"line":65,"column":0},"end":{"line":67,"column":2}},"12":{"start":{"line":66,"column":2},"end":{"line":66,"column":49}},"13":{"start":{"line":69,"column":0},"end":{"line":69,"column":22}}},"fnMap":{"0":{"name":"(anonymous_0)","decl":{"start":{"line":42,"column":18},"end":{"line":42,"column":19}},"loc":{"start":{"line":42,"column":34},"end":{"line":46,"column":5}},"line":42},"1":{"name":"(anonymous_1)","decl":{"start":{"line":47,"column":18},"end":{"line":47,"column":19}},"loc":{"start":{"line":47,"column":34},"end":{"line":51,"column":5}},"line":47},"2":{"name":"(anonymous_2)","decl":{"start":{"line":56,"column":31},"end":{"line":56,"column":32}},"loc":{"start":{"line":56,"column":42},"end":{"line":62,"column":1}},"line":56},"3":{"name":"(anonymous_3)","decl":{"start":{"line":65,"column":34},"end":{"line":65,"column":35}},"loc":{"start":{"line":65,"column":59},"end":{"line":67,"column":1}},"line":65}},"branchMap":{"0":{"loc":{"start":{"line":43,"column":6},"end":{"line":45,"column":7}},"type":"if","locations":[{"start":{"line":43,"column":6},"end":{"line":45,"column":7}},{"start":{},"end":{}}],"line":43},"1":{"loc":{"start":{"line":48,"column":6},"end":{"line":50,"column":7}},"type":"if","locations":[{"start":{"line":48,"column":6},"end":{"line":50,"column":7}},{"start":{},"end":{}}],"line":48},"2":{"loc":{"start":{"line":59,"column":4},"end":{"line":59,"column":47}},"type":"binary-expr","locations":[{"start":{"line":59,"column":4},"end":{"line":59,"column":26}},{"start":{"line":59,"column":30},"end":{"line":59,"column":47}}],"line":59}},"s":{"0":1,"1":1,"2":1,"3":1,"4":1,"5":0,"6":0,"7":0,"8":0,"9":1,"10":1,"11":1,"12":1,"13":1},"f":{"0":0,"1":0,"2":1,"3":1},"b":{"0":[0,0],"1":[0,0],"2":[1,0]},"_coverageSchema":"1a1c01bbd47fc00a2c39e90264f33305004495a9","hash":"807a868815f8d13e03dc097325abc368e1977723"}
}
