{"C:\\Users\\Nat-ryo\\Desktop\\Trinity\\Devops_starter\\backend\\config\\database.js": {"path":"C:\\Users\\Nat-ryo\\Desktop\\Trinity\\Devops_starter\\backend\\config\\database.js","statementMap":{"0":{"start":{"line":1,"column":22},"end":{"line":1,"column":42}},"1":{"start":{"line":2,"column":0},"end":{"line":2,"column":27}},"2":{"start":{"line":4,"column":15},"end":{"line":4,"column":54}},"3":{"start":{"line":5,"column":15},"end":{"line":5,"column":44}},"4":{"start":{"line":6,"column":19},"end":{"line":6,"column":52}},"5":{"start":{"line":7,"column":15},"end":{"line":7,"column":49}},"6":{"start":{"line":9,"column":18},"end":{"line":19,"column":2}},"7":{"start":{"line":22,"column":27},"end":{"line":35,"column":1}},"8":{"start":{"line":23,"column":2},"end":{"line":34,"column":3}},"9":{"start":{"line":25,"column":4},"end":{"line":25,"column":35}},"10":{"start":{"line":26,"column":4},"end":{"line":26,"column":73}},"11":{"start":{"line":29,"column":4},"end":{"line":29,"column":42}},"12":{"start":{"line":30,"column":4},"end":{"line":30,"column":63}},"13":{"start":{"line":32,"column":4},"end":{"line":32,"column":79}},"14":{"start":{"line":33,"column":4},"end":{"line":33,"column":16}},"15":{"start":{"line":37,"column":0},"end":{"line":41,"column":2}}},"fnMap":{"0":{"name":"(anonymous_0)","decl":{"start":{"line":22,"column":27},"end":{"line":22,"column":28}},"loc":{"start":{"line":22,"column":39},"end":{"line":35,"column":1}},"line":22}},"branchMap":{"0":{"loc":{"start":{"line":4,"column":15},"end":{"line":4,"column":54}},"type":"binary-expr","locations":[{"start":{"line":4,"column":15},"end":{"line":4,"column":34}},{"start":{"line":4,"column":38},"end":{"line":4,"column":54}}],"line":4},"1":{"loc":{"start":{"line":5,"column":15},"end":{"line":5,"column":44}},"type":"binary-expr","locations":[{"start":{"line":5,"column":15},"end":{"line":5,"column":34}},{"start":{"line":5,"column":38},"end":{"line":5,"column":44}}],"line":5},"2":{"loc":{"start":{"line":6,"column":19},"end":{"line":6,"column":52}},"type":"binary-expr","locations":[{"start":{"line":6,"column":19},"end":{"line":6,"column":42}},{"start":{"line":6,"column":46},"end":{"line":6,"column":52}}],"line":6},"3":{"loc":{"start":{"line":7,"column":15},"end":{"line":7,"column":49}},"type":"binary-expr","locations":[{"start":{"line":7,"column":15},"end":{"line":7,"column":34}},{"start":{"line":7,"column":38},"end":{"line":7,"column":49}}],"line":7}},"s":{"0":3,"1":3,"2":3,"3":3,"4":3,"5":3,"6":3,"7":3,"8":0,"9":0,"10":0,"11":0,"12":0,"13":0,"14":0,"15":3},"f":{"0":0},"b":{"0":[3,0],"1":[3,0],"2":[3,0],"3":[3,0]},"_coverageSchema":"1a1c01bbd47fc00a2c39e90264f33305004495a9","hash":"65d8a9ebf6db384079b74d892ec7577408f410f3"}
,"C:\\Users\\Nat-ryo\\Desktop\\Trinity\\Devops_starter\\backend\\controllers\\userController.js": {"path":"C:\\Users\\Nat-ryo\\Desktop\\Trinity\\Devops_starter\\backend\\controllers\\userController.js","statementMap":{"0":{"start":{"line":1,"column":17},"end":{"line":1,"column":37}},"1":{"start":{"line":2,"column":15},"end":{"line":2,"column":41}},"2":{"start":{"line":4,"column":0},"end":{"line":63,"column":2}},"3":{"start":{"line":5,"column":2},"end":{"line":62,"column":3}},"4":{"start":{"line":6,"column":59},"end":{"line":6,"column":67}},"5":{"start":{"line":8,"column":4},"end":{"line":14,"column":7}},"6":{"start":{"line":17,"column":25},"end":{"line":17,"column":65}},"7":{"start":{"line":18,"column":4},"end":{"line":24,"column":5}},"8":{"start":{"line":19,"column":6},"end":{"line":22,"column":9}},"9":{"start":{"line":23,"column":6},"end":{"line":23,"column":75}},"10":{"start":{"line":27,"column":17},"end":{"line":33,"column":6}},"11":{"start":{"line":36,"column":18},"end":{"line":36,"column":38}},"12":{"start":{"line":38,"column":4},"end":{"line":43,"column":7}},"13":{"start":{"line":45,"column":4},"end":{"line":54,"column":7}},"14":{"start":{"line":56,"column":4},"end":{"line":60,"column":7}},"15":{"start":{"line":61,"column":4},"end":{"line":61,"column":53}},"16":{"start":{"line":65,"column":0},"end":{"line":134,"column":2}},"17":{"start":{"line":66,"column":20},"end":{"line":66,"column":30}},"18":{"start":{"line":67,"column":2},"end":{"line":133,"column":3}},"19":{"start":{"line":68,"column":32},"end":{"line":68,"column":40}},"20":{"start":{"line":70,"column":4},"end":{"line":75,"column":7}},"21":{"start":{"line":78,"column":17},"end":{"line":78,"column":57}},"22":{"start":{"line":79,"column":4},"end":{"line":86,"column":5}},"23":{"start":{"line":80,"column":6},"end":{"line":84,"column":9}},"24":{"start":{"line":85,"column":6},"end":{"line":85,"column":70}},"25":{"start":{"line":89,"column":28},"end":{"line":89,"column":65}},"26":{"start":{"line":90,"column":4},"end":{"line":98,"column":5}},"27":{"start":{"line":91,"column":6},"end":{"line":96,"column":9}},"28":{"start":{"line":97,"column":6},"end":{"line":97,"column":70}},"29":{"start":{"line":101,"column":18},"end":{"line":101,"column":38}},"30":{"start":{"line":103,"column":21},"end":{"line":103,"column":43}},"31":{"start":{"line":104,"column":4},"end":{"line":111,"column":7}},"32":{"start":{"line":113,"column":4},"end":{"line":122,"column":7}},"33":{"start":{"line":124,"column":21},"end":{"line":124,"column":43}},"34":{"start":{"line":125,"column":4},"end":{"line":131,"column":7}},"35":{"start":{"line":132,"column":4},"end":{"line":132,"column":60}},"36":{"start":{"line":136,"column":0},"end":{"line":155,"column":2}},"37":{"start":{"line":137,"column":2},"end":{"line":154,"column":3}},"38":{"start":{"line":138,"column":17},"end":{"line":138,"column":25}},"39":{"start":{"line":139,"column":4},"end":{"line":144,"column":7}},"40":{"start":{"line":145,"column":4},"end":{"line":145,"column":53}},"41":{"start":{"line":147,"column":4},"end":{"line":152,"column":7}},"42":{"start":{"line":153,"column":4},"end":{"line":153,"column":61}},"43":{"start":{"line":157,"column":0},"end":{"line":189,"column":2}},"44":{"start":{"line":158,"column":2},"end":{"line":188,"column":3}},"45":{"start":{"line":159,"column":17},"end":{"line":159,"column":49}},"46":{"start":{"line":160,"column":4},"end":{"line":166,"column":5}},"47":{"start":{"line":161,"column":6},"end":{"line":164,"column":9}},"48":{"start":{"line":165,"column":6},"end":{"line":165,"column":65}},"49":{"start":{"line":168,"column":4},"end":{"line":172,"column":7}},"50":{"start":{"line":174,"column":4},"end":{"line":180,"column":7}},"51":{"start":{"line":182,"column":4},"end":{"line":186,"column":7}},"52":{"start":{"line":187,"column":4},"end":{"line":187,"column":64}},"53":{"start":{"line":191,"column":0},"end":{"line":233,"column":2}},"54":{"start":{"line":192,"column":2},"end":{"line":232,"column":3}},"55":{"start":{"line":193,"column":17},"end":{"line":193,"column":49}},"56":{"start":{"line":194,"column":4},"end":{"line":200,"column":5}},"57":{"start":{"line":195,"column":6},"end":{"line":198,"column":9}},"58":{"start":{"line":199,"column":6},"end":{"line":199,"column":65}},"59":{"start":{"line":202,"column":53},"end":{"line":202,"column":61}},"60":{"start":{"line":203,"column":20},"end":{"line":208,"column":5}},"61":{"start":{"line":210,"column":4},"end":{"line":210,"column":31}},"62":{"start":{"line":212,"column":4},"end":{"line":216,"column":7}},"63":{"start":{"line":218,"column":4},"end":{"line":224,"column":7}},"64":{"start":{"line":226,"column":4},"end":{"line":230,"column":7}},"65":{"start":{"line":231,"column":4},"end":{"line":231,"column":53}},"66":{"start":{"line":235,"column":0},"end":{"line":262,"column":2}},"67":{"start":{"line":236,"column":2},"end":{"line":261,"column":3}},"68":{"start":{"line":237,"column":4},"end":{"line":244,"column":5}},"69":{"start":{"line":238,"column":6},"end":{"line":242,"column":9}},"70":{"start":{"line":243,"column":6},"end":{"line":243,"column":64}},"71":{"start":{"line":246,"column":18},"end":{"line":248,"column":6}},"72":{"start":{"line":250,"column":4},"end":{"line":253,"column":7}},"73":{"start":{"line":254,"column":4},"end":{"line":254,"column":20}},"74":{"start":{"line":256,"column":4},"end":{"line":259,"column":7}},"75":{"start":{"line":260,"column":4},"end":{"line":260,"column":64}}},"fnMap":{"0":{"name":"(anonymous_0)","decl":{"start":{"line":4,"column":19},"end":{"line":4,"column":20}},"loc":{"start":{"line":4,"column":39},"end":{"line":63,"column":1}},"line":4},"1":{"name":"(anonymous_1)","decl":{"start":{"line":65,"column":16},"end":{"line":65,"column":17}},"loc":{"start":{"line":65,"column":36},"end":{"line":134,"column":1}},"line":65},"2":{"name":"(anonymous_2)","decl":{"start":{"line":136,"column":17},"end":{"line":136,"column":18}},"loc":{"start":{"line":136,"column":37},"end":{"line":155,"column":1}},"line":136},"3":{"name":"(anonymous_3)","decl":{"start":{"line":157,"column":21},"end":{"line":157,"column":22}},"loc":{"start":{"line":157,"column":41},"end":{"line":189,"column":1}},"line":157},"4":{"name":"(anonymous_4)","decl":{"start":{"line":191,"column":24},"end":{"line":191,"column":25}},"loc":{"start":{"line":191,"column":44},"end":{"line":233,"column":1}},"line":191},"5":{"name":"(anonymous_5)","decl":{"start":{"line":235,"column":22},"end":{"line":235,"column":23}},"loc":{"start":{"line":235,"column":42},"end":{"line":262,"column":1}},"line":235}},"branchMap":{"0":{"loc":{"start":{"line":18,"column":4},"end":{"line":24,"column":5}},"type":"if","locations":[{"start":{"line":18,"column":4},"end":{"line":24,"column":5}},{"start":{},"end":{}}],"line":18},"1":{"loc":{"start":{"line":32,"column":12},"end":{"line":32,"column":26}},"type":"binary-expr","locations":[{"start":{"line":32,"column":12},"end":{"line":32,"column":16}},{"start":{"line":32,"column":20},"end":{"line":32,"column":26}}],"line":32},"2":{"loc":{"start":{"line":79,"column":4},"end":{"line":86,"column":5}},"type":"if","locations":[{"start":{"line":79,"column":4},"end":{"line":86,"column":5}},{"start":{},"end":{}}],"line":79},"3":{"loc":{"start":{"line":90,"column":4},"end":{"line":98,"column":5}},"type":"if","locations":[{"start":{"line":90,"column":4},"end":{"line":98,"column":5}},{"start":{},"end":{}}],"line":90},"4":{"loc":{"start":{"line":160,"column":4},"end":{"line":166,"column":5}},"type":"if","locations":[{"start":{"line":160,"column":4},"end":{"line":166,"column":5}},{"start":{},"end":{}}],"line":160},"5":{"loc":{"start":{"line":194,"column":4},"end":{"line":200,"column":5}},"type":"if","locations":[{"start":{"line":194,"column":4},"end":{"line":200,"column":5}},{"start":{},"end":{}}],"line":194},"6":{"loc":{"start":{"line":204,"column":10},"end":{"line":204,"column":36}},"type":"binary-expr","locations":[{"start":{"line":204,"column":10},"end":{"line":204,"column":19}},{"start":{"line":204,"column":23},"end":{"line":204,"column":36}}],"line":204},"7":{"loc":{"start":{"line":205,"column":10},"end":{"line":205,"column":34}},"type":"binary-expr","locations":[{"start":{"line":205,"column":10},"end":{"line":205,"column":18}},{"start":{"line":205,"column":22},"end":{"line":205,"column":34}}],"line":205},"8":{"loc":{"start":{"line":206,"column":10},"end":{"line":206,"column":28}},"type":"binary-expr","locations":[{"start":{"line":206,"column":10},"end":{"line":206,"column":15}},{"start":{"line":206,"column":19},"end":{"line":206,"column":28}}],"line":206},"9":{"loc":{"start":{"line":207,"column":10},"end":{"line":207,"column":34}},"type":"binary-expr","locations":[{"start":{"line":207,"column":10},"end":{"line":207,"column":18}},{"start":{"line":207,"column":22},"end":{"line":207,"column":34}}],"line":207},"10":{"loc":{"start":{"line":237,"column":4},"end":{"line":244,"column":5}},"type":"if","locations":[{"start":{"line":237,"column":4},"end":{"line":244,"column":5}},{"start":{},"end":{}}],"line":237}},"s":{"0":1,"1":1,"2":1,"3":3,"4":3,"5":3,"6":3,"7":2,"8":1,"9":1,"10":1,"11":1,"12":1,"13":1,"14":1,"15":1,"16":1,"17":3,"18":3,"19":3,"20":3,"21":3,"22":2,"23":0,"24":0,"25":2,"26":2,"27":1,"28":1,"29":1,"30":1,"31":1,"32":1,"33":1,"34":1,"35":1,"36":1,"37":1,"38":1,"39":1,"40":1,"41":0,"42":0,"43":1,"44":3,"45":3,"46":2,"47":1,"48":1,"49":1,"50":1,"51":1,"52":1,"53":1,"54":2,"55":2,"56":2,"57":0,"58":0,"59":2,"60":2,"61":2,"62":1,"63":1,"64":1,"65":1,"66":1,"67":3,"68":3,"69":1,"70":1,"71":2,"72":1,"73":1,"74":1,"75":1},"f":{"0":3,"1":3,"2":1,"3":3,"4":2,"5":3},"b":{"0":[1,1],"1":[1,1],"2":[0,2],"3":[1,1],"4":[1,1],"5":[0,2],"6":[2,2],"7":[2,2],"8":[2,0],"9":[2,0],"10":[1,2]},"_coverageSchema":"1a1c01bbd47fc00a2c39e90264f33305004495a9","hash":"67187c12b89830103920ec38b364d6fd8f12806a"}
,"C:\\Users\\Nat-ryo\\Desktop\\Trinity\\Devops_starter\\backend\\models\\Invoice.js": {"path":"C:\\Users\\Nat-ryo\\Desktop\\Trinity\\Devops_starter\\backend\\models\\Invoice.js","statementMap":{"0":{"start":{"line":1,"column":22},"end":{"line":1,"column":42}},"1":{"start":{"line":2,"column":11},"end":{"line":2,"column":40}},"2":{"start":{"line":4,"column":16},"end":{"line":128,"column":2}},"3":{"start":{"line":100,"column":6},"end":{"line":105,"column":7}},"4":{"start":{"line":101,"column":23},"end":{"line":101,"column":28}},"5":{"start":{"line":102,"column":26},"end":{"line":102,"column":47}},"6":{"start":{"line":103,"column":23},"end":{"line":103,"column":83}},"7":{"start":{"line":104,"column":8},"end":{"line":104,"column":67}},"8":{"start":{"line":108,"column":6},"end":{"line":110,"column":50}},"9":{"start":{"line":130,"column":0},"end":{"line":130,"column":25}}},"fnMap":{"0":{"name":"(anonymous_0)","decl":{"start":{"line":98,"column":20},"end":{"line":98,"column":21}},"loc":{"start":{"line":98,"column":33},"end":{"line":111,"column":5}},"line":98}},"branchMap":{"0":{"loc":{"start":{"line":100,"column":6},"end":{"line":105,"column":7}},"type":"if","locations":[{"start":{"line":100,"column":6},"end":{"line":105,"column":7}},{"start":{},"end":{}}],"line":100}},"s":{"0":1,"1":1,"2":1,"3":0,"4":0,"5":0,"6":0,"7":0,"8":0,"9":1},"f":{"0":0},"b":{"0":[0,0]},"_coverageSchema":"1a1c01bbd47fc00a2c39e90264f33305004495a9","hash":"1bf8f97cfc846ef02d18be0e065c21c9feeb19dd"}
,"C:\\Users\\Nat-ryo\\Desktop\\Trinity\\Devops_starter\\backend\\models\\Product.js": {"path":"C:\\Users\\Nat-ryo\\Desktop\\Trinity\\Devops_starter\\backend\\models\\Product.js","statementMap":{"0":{"start":{"line":1,"column":22},"end":{"line":1,"column":42}},"1":{"start":{"line":2,"column":11},"end":{"line":2,"column":40}},"2":{"start":{"line":4,"column":16},"end":{"line":63,"column":2}},"3":{"start":{"line":39,"column":26},"end":{"line":39,"column":52}},"4":{"start":{"line":40,"column":12},"end":{"line":40,"column":54}},"5":{"start":{"line":48,"column":26},"end":{"line":48,"column":52}},"6":{"start":{"line":49,"column":12},"end":{"line":49,"column":54}},"7":{"start":{"line":59,"column":12},"end":{"line":59,"column":69}},"8":{"start":{"line":59,"column":31},"end":{"line":59,"column":69}},"9":{"start":{"line":60,"column":12},"end":{"line":60,"column":69}},"10":{"start":{"line":60,"column":31},"end":{"line":60,"column":69}},"11":{"start":{"line":65,"column":0},"end":{"line":65,"column":25}}},"fnMap":{"0":{"name":"(anonymous_0)","decl":{"start":{"line":38,"column":8},"end":{"line":38,"column":9}},"loc":{"start":{"line":38,"column":14},"end":{"line":41,"column":9}},"line":38},"1":{"name":"(anonymous_1)","decl":{"start":{"line":47,"column":8},"end":{"line":47,"column":9}},"loc":{"start":{"line":47,"column":14},"end":{"line":50,"column":9}},"line":47},"2":{"name":"(anonymous_2)","decl":{"start":{"line":57,"column":20},"end":{"line":57,"column":21}},"loc":{"start":{"line":57,"column":33},"end":{"line":61,"column":9}},"line":57}},"branchMap":{"0":{"loc":{"start":{"line":40,"column":19},"end":{"line":40,"column":53}},"type":"cond-expr","locations":[{"start":{"line":40,"column":36},"end":{"line":40,"column":37}},{"start":{"line":40,"column":40},"end":{"line":40,"column":53}}],"line":40},"1":{"loc":{"start":{"line":49,"column":19},"end":{"line":49,"column":53}},"type":"cond-expr","locations":[{"start":{"line":49,"column":36},"end":{"line":49,"column":37}},{"start":{"line":49,"column":40},"end":{"line":49,"column":53}}],"line":49},"2":{"loc":{"start":{"line":59,"column":12},"end":{"line":59,"column":69}},"type":"if","locations":[{"start":{"line":59,"column":12},"end":{"line":59,"column":69}},{"start":{},"end":{}}],"line":59},"3":{"loc":{"start":{"line":60,"column":12},"end":{"line":60,"column":69}},"type":"if","locations":[{"start":{"line":60,"column":12},"end":{"line":60,"column":69}},{"start":{},"end":{}}],"line":60}},"s":{"0":2,"1":2,"2":2,"3":0,"4":0,"5":0,"6":0,"7":0,"8":0,"9":0,"10":0,"11":2},"f":{"0":0,"1":0,"2":0},"b":{"0":[0,0],"1":[0,0],"2":[0,0],"3":[0,0]},"_coverageSchema":"1a1c01bbd47fc00a2c39e90264f33305004495a9","hash":"9a1d32ff87773b7bb46702181a761d771bbdbf99"}
,"C:\\Users\\Nat-ryo\\Desktop\\Trinity\\Devops_starter\\backend\\models\\User.js": {"path":"C:\\Users\\Nat-ryo\\Desktop\\Trinity\\Devops_starter\\backend\\models\\User.js","statementMap":{"0":{"start":{"line":1,"column":22},"end":{"line":1,"column":42}},"1":{"start":{"line":2,"column":15},"end":{"line":2,"column":34}},"2":{"start":{"line":3,"column":12},"end":{"line":3,"column":35}},"3":{"start":{"line":4,"column":22},"end":{"line":4,"column":51}},"4":{"start":{"line":6,"column":13},"end":{"line":53,"column":2}},"5":{"start":{"line":43,"column":6},"end":{"line":45,"column":7}},"6":{"start":{"line":44,"column":8},"end":{"line":44,"column":61}},"7":{"start":{"line":48,"column":6},"end":{"line":50,"column":7}},"8":{"start":{"line":49,"column":8},"end":{"line":49,"column":61}},"9":{"start":{"line":56,"column":0},"end":{"line":62,"column":2}},"10":{"start":{"line":57,"column":2},"end":{"line":61,"column":4}},"11":{"start":{"line":65,"column":0},"end":{"line":67,"column":2}},"12":{"start":{"line":66,"column":2},"end":{"line":66,"column":49}},"13":{"start":{"line":69,"column":0},"end":{"line":69,"column":22}}},"fnMap":{"0":{"name":"(anonymous_0)","decl":{"start":{"line":42,"column":18},"end":{"line":42,"column":19}},"loc":{"start":{"line":42,"column":34},"end":{"line":46,"column":5}},"line":42},"1":{"name":"(anonymous_1)","decl":{"start":{"line":47,"column":18},"end":{"line":47,"column":19}},"loc":{"start":{"line":47,"column":34},"end":{"line":51,"column":5}},"line":47},"2":{"name":"(anonymous_2)","decl":{"start":{"line":56,"column":31},"end":{"line":56,"column":32}},"loc":{"start":{"line":56,"column":42},"end":{"line":62,"column":1}},"line":56},"3":{"name":"(anonymous_3)","decl":{"start":{"line":65,"column":34},"end":{"line":65,"column":35}},"loc":{"start":{"line":65,"column":59},"end":{"line":67,"column":1}},"line":65}},"branchMap":{"0":{"loc":{"start":{"line":43,"column":6},"end":{"line":45,"column":7}},"type":"if","locations":[{"start":{"line":43,"column":6},"end":{"line":45,"column":7}},{"start":{},"end":{}}],"line":43},"1":{"loc":{"start":{"line":48,"column":6},"end":{"line":50,"column":7}},"type":"if","locations":[{"start":{"line":48,"column":6},"end":{"line":50,"column":7}},{"start":{},"end":{}}],"line":48},"2":{"loc":{"start":{"line":59,"column":4},"end":{"line":59,"column":47}},"type":"binary-expr","locations":[{"start":{"line":59,"column":4},"end":{"line":59,"column":26}},{"start":{"line":59,"column":30},"end":{"line":59,"column":47}}],"line":59}},"s":{"0":2,"1":2,"2":2,"3":2,"4":2,"5":0,"6":0,"7":0,"8":0,"9":2,"10":1,"11":2,"12":1,"13":2},"f":{"0":0,"1":0,"2":1,"3":1},"b":{"0":[0,0],"1":[0,0],"2":[1,0]},"_coverageSchema":"1a1c01bbd47fc00a2c39e90264f33305004495a9","hash":"0e3289b75d0240723944d2447054582a68c39804"}
,"C:\\Users\\Nat-ryo\\Desktop\\Trinity\\Devops_starter\\backend\\models\\index.js": {"path":"C:\\Users\\Nat-ryo\\Desktop\\Trinity\\Devops_starter\\backend\\models\\index.js","statementMap":{"0":{"start":{"line":1,"column":11},"end":{"line":1,"column":40}},"1":{"start":{"line":2,"column":13},"end":{"line":2,"column":30}},"2":{"start":{"line":3,"column":16},"end":{"line":3,"column":36}},"3":{"start":{"line":4,"column":16},"end":{"line":4,"column":36}},"4":{"start":{"line":5,"column":14},"end":{"line":5,"column":32}},"5":{"start":{"line":8,"column":0},"end":{"line":11,"column":3}},"6":{"start":{"line":12,"column":0},"end":{"line":14,"column":3}},"7":{"start":{"line":16,"column":0},"end":{"line":19,"column":3}},"8":{"start":{"line":20,"column":0},"end":{"line":22,"column":3}},"9":{"start":{"line":25,"column":23},"end":{"line":39,"column":2}},"10":{"start":{"line":41,"column":0},"end":{"line":44,"column":3}},"11":{"start":{"line":45,"column":0},"end":{"line":48,"column":3}},"12":{"start":{"line":50,"column":0},"end":{"line":57,"column":2}}},"fnMap":{},"branchMap":{},"s":{"0":1,"1":1,"2":1,"3":1,"4":1,"5":1,"6":1,"7":1,"8":1,"9":1,"10":1,"11":1,"12":1},"f":{},"b":{},"_coverageSchema":"1a1c01bbd47fc00a2c39e90264f33305004495a9","hash":"a459c9917e81fe440f3001426113131d9d899a0f"}
,"C:\\Users\\Nat-ryo\\Desktop\\Trinity\\Devops_starter\\backend\\models\\order.js": {"path":"C:\\Users\\Nat-ryo\\Desktop\\Trinity\\Devops_starter\\backend\\models\\order.js","statementMap":{"0":{"start":{"line":1,"column":22},"end":{"line":1,"column":42}},"1":{"start":{"line":2,"column":22},"end":{"line":2,"column":51}},"2":{"start":{"line":4,"column":14},"end":{"line":39,"column":2}},"3":{"start":{"line":41,"column":0},"end":{"line":41,"column":23}}},"fnMap":{},"branchMap":{},"s":{"0":1,"1":1,"2":1,"3":1},"f":{},"b":{},"_coverageSchema":"1a1c01bbd47fc00a2c39e90264f33305004495a9","hash":"f3399ed61e0af3d9fbaf35231f106c6007239f91"}
}
