TN:
SF:config\database.js
FN:22,(anonymous_0)
FNF:1
FNH:0
FNDA:0,(anonymous_0)
DA:1,3
DA:2,3
DA:4,3
DA:5,3
DA:6,3
DA:7,3
DA:9,3
DA:22,3
DA:23,0
DA:25,0
DA:26,0
DA:29,0
DA:30,0
DA:32,0
DA:33,0
DA:37,3
LF:16
LH:9
BRDA:4,0,0,3
BRDA:4,0,1,0
BRDA:5,1,0,3
BRDA:5,1,1,0
BRDA:6,2,0,3
BRDA:6,2,1,0
BRDA:7,3,0,3
BRDA:7,3,1,0
BRF:8
BRH:4
end_of_record
TN:
SF:controllers\userController.js
FN:4,(anonymous_0)
FN:65,(anonymous_1)
FN:136,(anonymous_2)
FN:157,(anonymous_3)
FN:191,(anonymous_4)
FN:235,(anonymous_5)
FNF:6
FNH:6
FNDA:3,(anonymous_0)
FNDA:3,(anonymous_1)
FNDA:1,(anonymous_2)
FNDA:3,(anonymous_3)
FNDA:2,(anonymous_4)
FNDA:3,(anonymous_5)
DA:1,1
DA:2,1
DA:4,1
DA:5,3
DA:6,3
DA:8,3
DA:17,3
DA:18,2
DA:19,1
DA:23,1
DA:27,1
DA:36,1
DA:38,1
DA:45,1
DA:56,1
DA:61,1
DA:65,1
DA:66,3
DA:67,3
DA:68,3
DA:70,3
DA:78,3
DA:79,2
DA:80,0
DA:85,0
DA:89,2
DA:90,2
DA:91,1
DA:97,1
DA:101,1
DA:103,1
DA:104,1
DA:113,1
DA:124,1
DA:125,1
DA:132,1
DA:136,1
DA:137,1
DA:138,1
DA:139,1
DA:145,1
DA:147,0
DA:153,0
DA:157,1
DA:158,3
DA:159,3
DA:160,2
DA:161,1
DA:165,1
DA:168,1
DA:174,1
DA:182,1
DA:187,1
DA:191,1
DA:192,2
DA:193,2
DA:194,2
DA:195,0
DA:199,0
DA:202,2
DA:203,2
DA:210,2
DA:212,1
DA:218,1
DA:226,1
DA:231,1
DA:235,1
DA:236,3
DA:237,3
DA:238,1
DA:243,1
DA:246,2
DA:250,1
DA:254,1
DA:256,1
DA:260,1
LF:76
LH:70
BRDA:18,0,0,1
BRDA:18,0,1,1
BRDA:32,1,0,1
BRDA:32,1,1,1
BRDA:79,2,0,0
BRDA:79,2,1,2
BRDA:90,3,0,1
BRDA:90,3,1,1
BRDA:160,4,0,1
BRDA:160,4,1,1
BRDA:194,5,0,0
BRDA:194,5,1,2
BRDA:204,6,0,2
BRDA:204,6,1,2
BRDA:205,7,0,2
BRDA:205,7,1,2
BRDA:206,8,0,2
BRDA:206,8,1,0
BRDA:207,9,0,2
BRDA:207,9,1,0
BRDA:237,10,0,1
BRDA:237,10,1,2
BRF:22
BRH:18
end_of_record
TN:
SF:models\Invoice.js
FN:98,(anonymous_0)
FNF:1
FNH:0
FNDA:0,(anonymous_0)
DA:1,1
DA:2,1
DA:4,1
DA:100,0
DA:101,0
DA:102,0
DA:103,0
DA:104,0
DA:108,0
DA:130,1
LF:10
LH:4
BRDA:100,0,0,0
BRDA:100,0,1,0
BRF:2
BRH:0
end_of_record
TN:
SF:models\Product.js
FN:38,(anonymous_0)
FN:47,(anonymous_1)
FN:57,(anonymous_2)
FNF:3
FNH:0
FNDA:0,(anonymous_0)
FNDA:0,(anonymous_1)
FNDA:0,(anonymous_2)
DA:1,2
DA:2,2
DA:4,2
DA:39,0
DA:40,0
DA:48,0
DA:49,0
DA:59,0
DA:60,0
DA:65,2
LF:10
LH:4
BRDA:40,0,0,0
BRDA:40,0,1,0
BRDA:49,1,0,0
BRDA:49,1,1,0
BRDA:59,2,0,0
BRDA:59,2,1,0
BRDA:60,3,0,0
BRDA:60,3,1,0
BRF:8
BRH:0
end_of_record
TN:
SF:models\User.js
FN:42,(anonymous_0)
FN:47,(anonymous_1)
FN:56,(anonymous_2)
FN:65,(anonymous_3)
FNF:4
FNH:2
FNDA:0,(anonymous_0)
FNDA:0,(anonymous_1)
FNDA:1,(anonymous_2)
FNDA:1,(anonymous_3)
DA:1,2
DA:2,2
DA:3,2
DA:4,2
DA:6,2
DA:43,0
DA:44,0
DA:48,0
DA:49,0
DA:56,2
DA:57,1
DA:65,2
DA:66,1
DA:69,2
LF:14
LH:10
BRDA:43,0,0,0
BRDA:43,0,1,0
BRDA:48,1,0,0
BRDA:48,1,1,0
BRDA:59,2,0,1
BRDA:59,2,1,0
BRF:6
BRH:1
end_of_record
TN:
SF:models\index.js
FNF:0
FNH:0
DA:1,1
DA:2,1
DA:3,1
DA:4,1
DA:5,1
DA:8,1
DA:12,1
DA:16,1
DA:20,1
DA:25,1
DA:41,1
DA:45,1
DA:50,1
LF:13
LH:13
BRF:0
BRH:0
end_of_record
TN:
SF:models\order.js
FNF:0
FNH:0
DA:1,1
DA:2,1
DA:4,1
DA:41,1
LF:4
LH:4
BRF:0
BRH:0
end_of_record
