TN:
SF:config\database.js
FN:44,(anonymous_0)
FN:60,(anonymous_1)
FNF:2
FNH:0
FNDA:0,(anonymous_0)
FNDA:0,(anonymous_1)
DA:1,2
DA:2,2
DA:3,2
DA:5,2
DA:6,2
DA:7,2
DA:8,2
DA:10,2
DA:23,2
DA:31,2
DA:40,2
DA:41,2
DA:44,2
DA:45,0
DA:47,0
DA:48,0
DA:51,0
DA:52,0
DA:54,0
DA:55,0
DA:60,2
DA:61,0
DA:62,0
DA:63,0
DA:65,0
DA:66,0
DA:68,0
DA:69,0
DA:73,2
LF:29
LH:15
BRDA:5,0,0,2
BRDA:5,0,1,0
BRDA:6,1,0,2
BRDA:6,1,1,0
BRDA:7,2,0,2
BRDA:7,2,1,0
BRDA:8,3,0,2
BRDA:8,3,1,0
BRDA:24,4,0,2
BRDA:24,4,1,0
BRDA:25,5,0,2
BRDA:25,5,1,0
BRDA:26,6,0,2
BRDA:26,6,1,0
BRDA:27,7,0,2
BRDA:27,7,1,0
BRF:16
BRH:8
end_of_record
TN:
SF:models\Product.js
FN:39,(anonymous_0)
FN:48,(anonymous_1)
FN:58,(anonymous_2)
FN:67,(anonymous_3)
FN:77,(anonymous_4)
FN:87,(anonymous_5)
FNF:6
FNH:0
FNDA:0,(anonymous_0)
FNDA:0,(anonymous_1)
FNDA:0,(anonymous_2)
FNDA:0,(anonymous_3)
FNDA:0,(anonymous_4)
FNDA:0,(anonymous_5)
DA:1,1
DA:2,1
DA:3,1
DA:5,1
DA:40,0
DA:41,0
DA:49,0
DA:50,0
DA:60,0
DA:61,0
DA:68,0
DA:69,0
DA:70,0
DA:72,0
DA:73,0
DA:78,0
DA:79,0
DA:80,0
DA:82,0
DA:83,0
DA:88,0
DA:89,0
DA:90,0
DA:94,0
DA:96,0
DA:97,0
DA:102,1
LF:27
LH:5
BRDA:41,0,0,0
BRDA:41,0,1,0
BRDA:50,1,0,0
BRDA:50,1,1,0
BRDA:60,2,0,0
BRDA:60,2,1,0
BRDA:61,3,0,0
BRDA:61,3,1,0
BRF:8
BRH:0
end_of_record
TN:
SF:models\User.js
FN:42,(anonymous_0)
FN:47,(anonymous_1)
FN:56,(anonymous_2)
FN:65,(anonymous_3)
FNF:4
FNH:2
FNDA:0,(anonymous_0)
FNDA:0,(anonymous_1)
FNDA:1,(anonymous_2)
FNDA:1,(anonymous_3)
DA:1,1
DA:2,1
DA:3,1
DA:4,1
DA:6,1
DA:43,0
DA:44,0
DA:48,0
DA:49,0
DA:56,1
DA:57,1
DA:65,1
DA:66,1
DA:69,1
LF:14
LH:10
BRDA:43,0,0,0
BRDA:43,0,1,0
BRDA:48,1,0,0
BRDA:48,1,1,0
BRDA:59,2,0,1
BRDA:59,2,1,0
BRF:6
BRH:1
end_of_record
